Seq	Host	Starttime	JobRuntime	Send	Receive	Exitval	Signal	Command
1	:	1745366502.108	   231.578	0	19807	0	0	python upload_to_hf.py --named-data-mix algebraic_stack --local-dir /tmp/data/train --hf-repo-id allenai/DataDecide-data-recipes --num-download-workers 190
2	:	1745366734.249	   532.779	0	20581	0	0	python upload_to_hf.py --named-data-mix arxiv --local-dir /tmp/data/train --hf-repo-id allenai/DataDecide-data-recipes --num-download-workers 190
3	:	1745367267.733	  2076.927	0	24197	0	0	python upload_to_hf.py --named-data-mix cc_eli5_oh_top10p --local-dir /tmp/data/train --hf-repo-id allenai/DataDecide-data-recipes --num-download-workers 190
4	:	1745369346.007	  3541.121	0	27775	0	0	python upload_to_hf.py --named-data-mix cc_eli5_oh_top20p --local-dir /tmp/data/train --hf-repo-id allenai/DataDecide-data-recipes --num-download-workers 190
5	:	1745372889.168	   280.433	0	19806	0	0	python upload_to_hf.py --named-data-mix cc_news --local-dir /tmp/data/train --hf-repo-id allenai/DataDecide-data-recipes --num-download-workers 190
6	:	1745373170.222	  2039.329	0	24171	0	0	python upload_to_hf.py --named-data-mix cc_og_eli5_oh_top10p --local-dir /tmp/data/train --hf-repo-id allenai/DataDecide-data-recipes --num-download-workers 190
7	:	1745375210.909	  1749.434	0	23384	0	0	python upload_to_hf.py --named-data-mix cc_tulu_qc_top10 --local-dir /tmp/data/train --hf-repo-id allenai/DataDecide-data-recipes --num-download-workers 190
8	:	1745376961.514	  6573.058	0	18991	1	0	python upload_to_hf.py --named-data-mix falcon --local-dir /tmp/data/train --hf-repo-id allenai/DataDecide-data-recipes --num-download-workers 190
9	:	1745383535.483	 12863.190	0	101234	0	0	python upload_to_hf.py --named-data-mix falcon_eli5_oh_top10p --local-dir /tmp/data/train --hf-repo-id allenai/DataDecide-data-recipes --num-download-workers 190
10	:	1745396402.265	  2413.057	0	24984	0	0	python upload_to_hf.py --named-data-mix falcon_eli5_oh_top20p --local-dir /tmp/data/train --hf-repo-id allenai/DataDecide-data-recipes --num-download-workers 190
11	:	1745398816.679	  1035.315	0	21772	0	0	python upload_to_hf.py --named-data-mix falcon_og_eli5_oh_top10p --local-dir /tmp/data/train --hf-repo-id allenai/DataDecide-data-recipes --num-download-workers 190
12	:	1745399852.922	   948.631	0	21378	0	0	python upload_to_hf.py --named-data-mix falcon_tulu_qc_top10 --local-dir /tmp/data/train --hf-repo-id allenai/DataDecide-data-recipes --num-download-workers 190
13	:	1745400802.417	  2391.134	0	18991	1	0	python upload_to_hf.py --named-data-mix fineweb_edu_dedup --local-dir /tmp/data/train --hf-repo-id allenai/DataDecide-data-recipes --num-download-workers 190
14	:	1745403194.076	  1610.319	0	29000	0	0	python upload_to_hf.py --named-data-mix gutenberg_books --local-dir /tmp/data/train --hf-repo-id allenai/DataDecide-data-recipes --num-download-workers 190
15	:	1745404806.264	   119.309	0	19419	0	0	python upload_to_hf.py --named-data-mix megawika --local-dir /tmp/data/train --hf-repo-id allenai/DataDecide-data-recipes --num-download-workers 190
16	:	1745404926.157	   223.805	0	19807	0	0	python upload_to_hf.py --named-data-mix openwebmath --local-dir /tmp/data/train --hf-repo-id allenai/DataDecide-data-recipes --num-download-workers 190
17	:	1745405150.512	  1009.273	0	21388	0	0	python upload_to_hf.py --named-data-mix pes20_stem_papers --local-dir /tmp/data/train --hf-repo-id allenai/DataDecide-data-recipes --num-download-workers 190
18	:	1745406160.584	  1620.835	0	23406	0	0	python upload_to_hf.py --named-data-mix pos_eli5_oh_neg_dclm_refinedweb_steps_2000_lr3e4_top10p --local-dir /tmp/data/train --hf-repo-id allenai/DataDecide-data-recipes --num-download-workers 190
19	:	1745407782.496	  1873.003	0	18991	1	0	python upload_to_hf.py --named-data-mix pos_eli5_oh_neg_dclm_refinedweb_steps_2000_lr3e4_top20p --local-dir /tmp/data/train --hf-repo-id allenai/DataDecide-data-recipes --num-download-workers 190
20	:	1745409656.045	  3282.322	0	32896	0	0	python upload_to_hf.py --named-data-mix reddit --local-dir /tmp/data/train --hf-repo-id allenai/DataDecide-data-recipes --num-download-workers 190
21	:	1745412940.147	   379.629	0	20193	0	0	python upload_to_hf.py --named-data-mix stackexchange --local-dir /tmp/data/train --hf-repo-id allenai/DataDecide-data-recipes --num-download-workers 190
22	:	1745413320.419	  8575.627	0	51945	0	0	python upload_to_hf.py --named-data-mix starcoder --local-dir /tmp/data/train --hf-repo-id allenai/DataDecide-data-recipes --num-download-workers 190
23	:	1745421898.161	   350.789	0	20199	0	0	python upload_to_hf.py --named-data-mix tulu --local-dir /tmp/data/train --hf-repo-id allenai/DataDecide-data-recipes --num-download-workers 190
24	:	1745422249.603	  7716.271	0	18991	1	0	python upload_to_hf.py --named-data-mix web_rest --local-dir /tmp/data/train --hf-repo-id allenai/DataDecide-data-recipes --num-download-workers 190
25	:	1745429966.585	 14584.990	0	113994	0	0	python upload_to_hf.py --named-data-mix wikipedia_wikibooks --local-dir /tmp/data/train --hf-repo-id allenai/DataDecide-data-recipes --num-download-workers 190
8	:	1745524888.336	  6322.713	0	18991	1	0	python upload_to_hf.py --named-data-mix falcon --local-dir /tmp/data/train --hf-repo-id allenai/DataDecide-data-recipes --num-download-workers 190
13	:	1745531211.679	 10869.370	0	72410	0	0	python upload_to_hf.py --named-data-mix fineweb_edu_dedup --local-dir /tmp/data/train --hf-repo-id allenai/DataDecide-data-recipes --num-download-workers 190
19	:	1745542082.144	   562.563	0	18991	1	0	python upload_to_hf.py --named-data-mix pos_eli5_oh_neg_dclm_refinedweb_steps_2000_lr3e4_top20p --local-dir /tmp/data/train --hf-repo-id allenai/DataDecide-data-recipes --num-download-workers 190
24	:	1745542645.221	  6494.591	0	18991	1	0	python upload_to_hf.py --named-data-mix web_rest --local-dir /tmp/data/train --hf-repo-id allenai/DataDecide-data-recipes --num-download-workers 190
8	:	1745563546.604	  6483.779	0	18991	1	0	python upload_to_hf.py --named-data-mix falcon --local-dir /tmp/data/train --hf-repo-id allenai/DataDecide-data-recipes --num-download-workers 190
19	:	1745570031.022	 17292.735	0	120754	0	0	python upload_to_hf.py --named-data-mix pos_eli5_oh_neg_dclm_refinedweb_steps_2000_lr3e4_top20p --local-dir /tmp/data/train --hf-repo-id allenai/DataDecide-data-recipes --num-download-workers 190
24	:	1745587326.082	  3644.904	0	18991	1	0	python upload_to_hf.py --named-data-mix web_rest --local-dir /tmp/data/train --hf-repo-id allenai/DataDecide-data-recipes --num-download-workers 190
8	:	1745607718.621	  6423.293	0	18991	1	0	python upload_to_hf.py --named-data-mix falcon --local-dir /tmp/data/train --hf-repo-id allenai/DataDecide-data-recipes --num-download-workers 190
24	:	1745614142.605	 20514.111	0	120635	0	0	python upload_to_hf.py --named-data-mix web_rest --local-dir /tmp/data/train --hf-repo-id allenai/DataDecide-data-recipes --num-download-workers 190
8	:	1745691454.071	  5564.515	0	18991	1	0	python upload_to_hf.py --named-data-mix falcon --local-dir /tmp/data/train --hf-repo-id allenai/DataDecide-data-recipes --num-download-workers 190
8	:	1745906262.931	  6754.782	0	58480	0	0	python upload_to_hf.py --named-data-mix falcon --local-dir /tmp/data/train --hf-repo-id allenai/DataDecide-data-recipes --num-download-workers 190
